{"/Users/chriswhong/Sites/capital-planning-platform/app/helpers/NycGeom.js": {"path":"/Users/chriswhong/Sites/capital-planning-platform/app/helpers/NycGeom.js","statementMap":{"0":{"start":{"line":5,"column":16},"end":{"line":51,"column":1}},"1":{"start":{"line":8,"column":4},"end":{"line":18,"column":5}},"2":{"start":{"line":9,"column":6},"end":{"line":12,"column":8}},"3":{"start":{"line":13,"column":11},"end":{"line":18,"column":5}},"4":{"start":{"line":14,"column":6},"end":{"line":17,"column":8}},"5":{"start":{"line":20,"column":4},"end":{"line":20,"column":22}},"6":{"start":{"line":28,"column":21},"end":{"line":28,"column":37}},"7":{"start":{"line":29,"column":15},"end":{"line":29,"column":23}},"8":{"start":{"line":31,"column":4},"end":{"line":36,"column":5}},"9":{"start":{"line":32,"column":19},"end":{"line":32,"column":54}},"10":{"start":{"line":33,"column":6},"end":{"line":33,"column":48}},"11":{"start":{"line":34,"column":11},"end":{"line":36,"column":5}},"12":{"start":{"line":35,"column":6},"end":{"line":35,"column":45}},"13":{"start":{"line":38,"column":4},"end":{"line":38,"column":22}},"14":{"start":{"line":42,"column":21},"end":{"line":42,"column":34}},"15":{"start":{"line":44,"column":4},"end":{"line":48,"column":54}},"16":{"start":{"line":44,"column":26},"end":{"line":44,"column":45}},"17":{"start":{"line":45,"column":9},"end":{"line":48,"column":54}},"18":{"start":{"line":45,"column":31},"end":{"line":45,"column":46}},"19":{"start":{"line":46,"column":9},"end":{"line":48,"column":54}},"20":{"start":{"line":46,"column":31},"end":{"line":46,"column":49}},"21":{"start":{"line":47,"column":9},"end":{"line":48,"column":54}},"22":{"start":{"line":47,"column":31},"end":{"line":47,"column":47}},"23":{"start":{"line":48,"column":9},"end":{"line":48,"column":54}},"24":{"start":{"line":48,"column":31},"end":{"line":48,"column":54}},"25":{"start":{"line":49,"column":4},"end":{"line":49,"column":14}},"26":{"start":{"line":53,"column":0},"end":{"line":53,"column":25}}},"fnMap":{},"branchMap":{"0":{"loc":{"start":{"line":8,"column":4},"end":{"line":18,"column":5}},"type":"if","locations":[{"start":{"line":8,"column":4},"end":{"line":18,"column":5}},{"start":{"line":8,"column":4},"end":{"line":18,"column":5}}],"line":8},"1":{"loc":{"start":{"line":13,"column":11},"end":{"line":18,"column":5}},"type":"if","locations":[{"start":{"line":13,"column":11},"end":{"line":18,"column":5}},{"start":{"line":13,"column":11},"end":{"line":18,"column":5}}],"line":13},"2":{"loc":{"start":{"line":31,"column":4},"end":{"line":36,"column":5}},"type":"if","locations":[{"start":{"line":31,"column":4},"end":{"line":36,"column":5}},{"start":{"line":31,"column":4},"end":{"line":36,"column":5}}],"line":31},"3":{"loc":{"start":{"line":34,"column":11},"end":{"line":36,"column":5}},"type":"if","locations":[{"start":{"line":34,"column":11},"end":{"line":36,"column":5}},{"start":{"line":34,"column":11},"end":{"line":36,"column":5}}],"line":34},"4":{"loc":{"start":{"line":44,"column":4},"end":{"line":48,"column":54}},"type":"if","locations":[{"start":{"line":44,"column":4},"end":{"line":48,"column":54}},{"start":{"line":44,"column":4},"end":{"line":48,"column":54}}],"line":44},"5":{"loc":{"start":{"line":45,"column":9},"end":{"line":48,"column":54}},"type":"if","locations":[{"start":{"line":45,"column":9},"end":{"line":48,"column":54}},{"start":{"line":45,"column":9},"end":{"line":48,"column":54}}],"line":45},"6":{"loc":{"start":{"line":46,"column":9},"end":{"line":48,"column":54}},"type":"if","locations":[{"start":{"line":46,"column":9},"end":{"line":48,"column":54}},{"start":{"line":46,"column":9},"end":{"line":48,"column":54}}],"line":46},"7":{"loc":{"start":{"line":47,"column":9},"end":{"line":48,"column":54}},"type":"if","locations":[{"start":{"line":47,"column":9},"end":{"line":48,"column":54}},{"start":{"line":47,"column":9},"end":{"line":48,"column":54}}],"line":47},"8":{"loc":{"start":{"line":48,"column":9},"end":{"line":48,"column":54}},"type":"if","locations":[{"start":{"line":48,"column":9},"end":{"line":48,"column":54}},{"start":{"line":48,"column":9},"end":{"line":48,"column":54}}],"line":48}},"s":{"0":1,"1":3,"2":1,"3":2,"4":1,"5":1,"6":3,"7":3,"8":3,"9":1,"10":1,"11":2,"12":1,"13":1,"14":4,"15":4,"16":2,"17":2,"18":0,"19":2,"20":0,"21":2,"22":0,"23":2,"24":1,"25":1,"26":1},"f":{},"b":{"0":[1,2],"1":[1,1],"2":[1,2],"3":[1,1],"4":[2,2],"5":[0,2],"6":[0,2],"7":[0,2],"8":[1,1]},"_coverageSchema":"332fd63041d2c1bcb487cc26dd0d5f7d97098a6c","hash":"d449c16ddbb2ba54cccc496e291c20b04002655f"}
,"/Users/chriswhong/Sites/capital-planning-platform/app/helpers/appConfig.js": {"path":"/Users/chriswhong/Sites/capital-planning-platform/app/helpers/appConfig.js","statementMap":{"0":{"start":{"line":4,"column":0},"end":{"line":13,"column":1}},"1":{"start":{"line":6,"column":4},"end":{"line":6,"column":43}},"2":{"start":{"line":7,"column":4},"end":{"line":7,"column":10}},"3":{"start":{"line":9,"column":4},"end":{"line":9,"column":51}},"4":{"start":{"line":10,"column":4},"end":{"line":10,"column":10}},"5":{"start":{"line":12,"column":4},"end":{"line":12,"column":34}},"6":{"start":{"line":15,"column":18},"end":{"line":61,"column":1}},"7":{"start":{"line":38,"column":4},"end":{"line":47,"column":6}},"8":{"start":{"line":51,"column":4},"end":{"line":59,"column":6}},"9":{"start":{"line":63,"column":0},"end":{"line":63,"column":27}}},"fnMap":{},"branchMap":{"0":{"loc":{"start":{"line":4,"column":0},"end":{"line":13,"column":1}},"type":"switch","locations":[{"start":{"line":5,"column":2},"end":{"line":7,"column":10}},{"start":{"line":8,"column":2},"end":{"line":10,"column":10}},{"start":{"line":11,"column":2},"end":{"line":12,"column":34}}],"line":4}},"s":{"0":1,"1":0,"2":0,"3":0,"4":0,"5":1,"6":1,"7":0,"8":0,"9":1},"f":{},"b":{"0":[0,0,1]},"_coverageSchema":"332fd63041d2c1bcb487cc26dd0d5f7d97098a6c","hash":"40189d5c1106eb3f6e06cc85141eda0eea1649eb"}
,"/Users/chriswhong/Sites/capital-planning-platform/app/helpers/carto.js": {"path":"/Users/chriswhong/Sites/capital-planning-platform/app/helpers/carto.js","statementMap":{"0":{"start":{"line":4,"column":10},"end":{"line":4,"column":27}},"1":{"start":{"line":5,"column":15},"end":{"line":5,"column":32}},"2":{"start":{"line":7,"column":0},"end":{"line":101,"column":2}},"3":{"start":{"line":11,"column":17},"end":{"line":11,"column":21}},"4":{"start":{"line":13,"column":4},"end":{"line":23,"column":7}},"5":{"start":{"line":14,"column":18},"end":{"line":16,"column":65}},"6":{"start":{"line":18,"column":6},"end":{"line":22,"column":35}},"7":{"start":{"line":20,"column":10},"end":{"line":20,"column":36}},"8":{"start":{"line":22,"column":22},"end":{"line":22,"column":33}},"9":{"start":{"line":28,"column":4},"end":{"line":44,"column":7}},"10":{"start":{"line":29,"column":6},"end":{"line":43,"column":35}},"11":{"start":{"line":31,"column":25},"end":{"line":31,"column":27}},"12":{"start":{"line":32,"column":24},"end":{"line":35,"column":23}},"13":{"start":{"line":37,"column":10},"end":{"line":39,"column":13}},"14":{"start":{"line":38,"column":12},"end":{"line":38,"column":40}},"15":{"start":{"line":41,"column":10},"end":{"line":41,"column":26}},"16":{"start":{"line":43,"column":22},"end":{"line":43,"column":33}},"17":{"start":{"line":48,"column":17},"end":{"line":48,"column":21}},"18":{"start":{"line":49,"column":4},"end":{"line":49,"column":44}},"19":{"start":{"line":51,"column":4},"end":{"line":57,"column":7}},"20":{"start":{"line":52,"column":6},"end":{"line":56,"column":35}},"21":{"start":{"line":54,"column":10},"end":{"line":54,"column":33}},"22":{"start":{"line":56,"column":22},"end":{"line":56,"column":33}},"23":{"start":{"line":61,"column":4},"end":{"line":61,"column":61}},"24":{"start":{"line":65,"column":4},"end":{"line":65,"column":61}},"25":{"start":{"line":69,"column":22},"end":{"line":69,"column":146}},"26":{"start":{"line":70,"column":4},"end":{"line":70,"column":32}},"27":{"start":{"line":74,"column":17},"end":{"line":74,"column":46}},"28":{"start":{"line":75,"column":4},"end":{"line":75,"column":104}},"29":{"start":{"line":79,"column":17},"end":{"line":79,"column":46}},"30":{"start":{"line":80,"column":4},"end":{"line":80,"column":104}},"31":{"start":{"line":86,"column":4},"end":{"line":86,"column":33}},"32":{"start":{"line":87,"column":20},"end":{"line":87,"column":55}},"33":{"start":{"line":89,"column":4},"end":{"line":99,"column":7}},"34":{"start":{"line":90,"column":6},"end":{"line":98,"column":34}},"35":{"start":{"line":92,"column":10},"end":{"line":96,"column":11}},"36":{"start":{"line":93,"column":12},"end":{"line":93,"column":26}},"37":{"start":{"line":95,"column":12},"end":{"line":95,"column":31}},"38":{"start":{"line":98,"column":21},"end":{"line":98,"column":32}}},"fnMap":{"0":{"name":"(anonymous_0)","decl":{"start":{"line":13,"column":23},"end":{"line":13,"column":24}},"loc":{"start":{"line":13,"column":44},"end":{"line":23,"column":5}},"line":13},"1":{"name":"(anonymous_1)","decl":{"start":{"line":19,"column":14},"end":{"line":19,"column":15}},"loc":{"start":{"line":19,"column":24},"end":{"line":21,"column":9}},"line":19},"2":{"name":"(anonymous_2)","decl":{"start":{"line":22,"column":15},"end":{"line":22,"column":16}},"loc":{"start":{"line":22,"column":22},"end":{"line":22,"column":33}},"line":22},"3":{"name":"(anonymous_3)","decl":{"start":{"line":28,"column":23},"end":{"line":28,"column":24}},"loc":{"start":{"line":28,"column":44},"end":{"line":44,"column":5}},"line":28},"4":{"name":"(anonymous_4)","decl":{"start":{"line":30,"column":14},"end":{"line":30,"column":15}},"loc":{"start":{"line":30,"column":24},"end":{"line":42,"column":9}},"line":30},"5":{"name":"(anonymous_5)","decl":{"start":{"line":37,"column":24},"end":{"line":37,"column":25}},"loc":{"start":{"line":37,"column":37},"end":{"line":39,"column":11}},"line":37},"6":{"name":"(anonymous_6)","decl":{"start":{"line":43,"column":15},"end":{"line":43,"column":16}},"loc":{"start":{"line":43,"column":22},"end":{"line":43,"column":33}},"line":43},"7":{"name":"(anonymous_7)","decl":{"start":{"line":51,"column":23},"end":{"line":51,"column":24}},"loc":{"start":{"line":51,"column":44},"end":{"line":57,"column":5}},"line":51},"8":{"name":"(anonymous_8)","decl":{"start":{"line":53,"column":14},"end":{"line":53,"column":15}},"loc":{"start":{"line":53,"column":24},"end":{"line":55,"column":9}},"line":53},"9":{"name":"(anonymous_9)","decl":{"start":{"line":56,"column":15},"end":{"line":56,"column":16}},"loc":{"start":{"line":56,"column":22},"end":{"line":56,"column":33}},"line":56},"10":{"name":"(anonymous_10)","decl":{"start":{"line":89,"column":23},"end":{"line":89,"column":24}},"loc":{"start":{"line":89,"column":44},"end":{"line":99,"column":5}},"line":89},"11":{"name":"(anonymous_11)","decl":{"start":{"line":91,"column":14},"end":{"line":91,"column":15}},"loc":{"start":{"line":91,"column":24},"end":{"line":97,"column":9}},"line":91},"12":{"name":"(anonymous_12)","decl":{"start":{"line":98,"column":14},"end":{"line":98,"column":15}},"loc":{"start":{"line":98,"column":21},"end":{"line":98,"column":32}},"line":98}},"branchMap":{"0":{"loc":{"start":{"line":14,"column":18},"end":{"line":16,"column":65}},"type":"cond-expr","locations":[{"start":{"line":15,"column":8},"end":{"line":15,"column":63}},{"start":{"line":16,"column":8},"end":{"line":16,"column":65}}],"line":14},"1":{"loc":{"start":{"line":68,"column":35},"end":{"line":68,"column":56}},"type":"default-arg","locations":[{"start":{"line":68,"column":46},"end":{"line":68,"column":56}}],"line":68},"2":{"loc":{"start":{"line":86,"column":13},"end":{"line":86,"column":32}},"type":"binary-expr","locations":[{"start":{"line":86,"column":13},"end":{"line":86,"column":19}},{"start":{"line":86,"column":23},"end":{"line":86,"column":32}}],"line":86},"3":{"loc":{"start":{"line":92,"column":10},"end":{"line":96,"column":11}},"type":"if","locations":[{"start":{"line":92,"column":10},"end":{"line":96,"column":11}},{"start":{"line":92,"column":10},"end":{"line":96,"column":11}}],"line":92}},"s":{"0":1,"1":1,"2":1,"3":2,"4":2,"5":2,"6":2,"7":0,"8":0,"9":1,"10":1,"11":0,"12":0,"13":0,"14":0,"15":0,"16":0,"17":1,"18":1,"19":1,"20":1,"21":0,"22":0,"23":4,"24":2,"25":4,"26":4,"27":1,"28":1,"29":1,"30":1,"31":0,"32":0,"33":0,"34":0,"35":0,"36":0,"37":0,"38":0},"f":{"0":2,"1":0,"2":0,"3":1,"4":0,"5":0,"6":0,"7":1,"8":0,"9":0,"10":0,"11":0,"12":0},"b":{"0":[1,1],"1":[1],"2":[0,0],"3":[0,0]},"_coverageSchema":"332fd63041d2c1bcb487cc26dd0d5f7d97098a6c","hash":"e643a987015333ce7c4fa957108d17852d0f070d"}
,"/Users/chriswhong/Sites/capital-planning-platform/app/helpers/nta.js": {"path":"/Users/chriswhong/Sites/capital-planning-platform/app/helpers/nta.js","statementMap":{"0":{"start":{"line":4,"column":13},"end":{"line":785,"column":1}},"1":{"start":{"line":787,"column":0},"end":{"line":793,"column":2}},"2":{"start":{"line":789,"column":18},"end":{"line":789,"column":61}},"3":{"start":{"line":789,"column":37},"end":{"line":789,"column":60}},"4":{"start":{"line":791,"column":4},"end":{"line":791,"column":28}}},"fnMap":{"0":{"name":"(anonymous_0)","decl":{"start":{"line":789,"column":30},"end":{"line":789,"column":31}},"loc":{"start":{"line":789,"column":37},"end":{"line":789,"column":60}},"line":789}},"branchMap":{},"s":{"0":1,"1":1,"2":1,"3":195,"4":1},"f":{"0":195},"b":{},"_coverageSchema":"332fd63041d2c1bcb487cc26dd0d5f7d97098a6c","hash":"405ec09000595d4ba136941bc51997e3a974b5e4"}
}
