TN:
SF:/Users/chriswhong/Sites/capital-planning-platform/app/helpers/NycGeom.js
FNF:0
FNH:0
DA:5,1
DA:8,3
DA:9,1
DA:13,2
DA:14,1
DA:20,1
DA:28,3
DA:29,3
DA:31,3
DA:32,1
DA:33,1
DA:34,2
DA:35,1
DA:38,1
DA:42,4
DA:44,4
DA:45,2
DA:46,2
DA:47,2
DA:48,2
DA:49,1
DA:53,1
LF:22
LH:22
BRDA:8,0,0,1
BRDA:8,0,1,2
BRDA:13,1,0,1
BRDA:13,1,1,1
BRDA:31,2,0,1
BRDA:31,2,1,2
BRDA:34,3,0,1
BRDA:34,3,1,1
BRDA:44,4,0,2
BRDA:44,4,1,2
BRDA:45,5,0,0
BRDA:45,5,1,2
BRDA:46,6,0,0
BRDA:46,6,1,2
BRDA:47,7,0,0
BRDA:47,7,1,2
BRDA:48,8,0,1
BRDA:48,8,1,1
BRF:18
BRH:15
end_of_record
TN:
SF:/Users/chriswhong/Sites/capital-planning-platform/app/helpers/appConfig.js
FNF:0
FNH:0
DA:4,1
DA:6,0
DA:7,0
DA:9,0
DA:10,0
DA:12,1
DA:15,1
DA:38,0
DA:51,0
DA:63,1
LF:10
LH:4
BRDA:4,0,0,0
BRDA:4,0,1,0
BRDA:4,0,2,1
BRF:3
BRH:1
end_of_record
TN:
SF:/Users/chriswhong/Sites/capital-planning-platform/app/helpers/carto.js
FN:13,(anonymous_0)
FN:19,(anonymous_1)
FN:22,(anonymous_2)
FN:28,(anonymous_3)
FN:30,(anonymous_4)
FN:37,(anonymous_5)
FN:43,(anonymous_6)
FN:51,(anonymous_7)
FN:53,(anonymous_8)
FN:56,(anonymous_9)
FN:89,(anonymous_10)
FN:91,(anonymous_11)
FN:98,(anonymous_12)
FNF:13
FNH:3
FNDA:2,(anonymous_0)
FNDA:0,(anonymous_1)
FNDA:0,(anonymous_2)
FNDA:1,(anonymous_3)
FNDA:0,(anonymous_4)
FNDA:0,(anonymous_5)
FNDA:0,(anonymous_6)
FNDA:1,(anonymous_7)
FNDA:0,(anonymous_8)
FNDA:0,(anonymous_9)
FNDA:0,(anonymous_10)
FNDA:0,(anonymous_11)
FNDA:0,(anonymous_12)
DA:4,1
DA:5,1
DA:7,1
DA:11,2
DA:13,2
DA:14,2
DA:18,2
DA:20,0
DA:22,0
DA:28,1
DA:29,1
DA:31,0
DA:32,0
DA:37,0
DA:38,0
DA:41,0
DA:43,0
DA:48,1
DA:49,1
DA:51,1
DA:52,1
DA:54,0
DA:56,0
DA:61,4
DA:65,2
DA:69,4
DA:70,4
DA:74,1
DA:75,1
DA:79,1
DA:80,1
DA:86,0
DA:87,0
DA:89,0
DA:90,0
DA:92,0
DA:93,0
DA:95,0
DA:98,0
LF:39
LH:21
BRDA:14,0,0,1
BRDA:14,0,1,1
BRDA:68,1,0,1
BRDA:86,2,0,0
BRDA:86,2,1,0
BRDA:92,3,0,0
BRDA:92,3,1,0
BRF:7
BRH:3
end_of_record
TN:
SF:/Users/chriswhong/Sites/capital-planning-platform/app/helpers/nta.js
FN:789,(anonymous_0)
FNF:1
FNH:1
FNDA:195,(anonymous_0)
DA:4,1
DA:787,1
DA:789,195
DA:791,1
LF:4
LH:4
BRF:0
BRH:0
end_of_record
